<?xml version="1.0" encoding="UTF-8"?>
<testsuite name="CucumberTest" tests="0" skipped="0" failures="0" errors="0" timestamp="1970-01-01T00:00:00" hostname="DESKTOP-OPPHNVF" time="0.0">
  <properties/>
  <system-out><![CDATA[
1 Scenarios (?[33m1 undefined?[0m)
4 Steps (?[33m4 undefined?[0m)
0m0.000s


You can implement missing steps with the snippets below:

@Given("^I have an account with a balance of (\\d+)$")
public void i_have_an_account_with_a_balance_of(int arg1) throws Throwable {
    // Write code here that turns the phrase above into concrete actions
    throw new PendingException();
}

@When("^I make a deposit of (\\d+) at an ATM$")
public void i_make_a_deposit_of_at_an_ATM(int arg1) throws Throwable {
    // Write code here that turns the phrase above into concrete actions
    throw new PendingException();
}

@Then("^The ATM displays message that deposit was successful$")
public void the_ATM_displays_message_that_deposit_was_successful() throws Throwable {
    // Write code here that turns the phrase above into concrete actions
    throw new PendingException();
}

@Then("^My account has a new balance of (\\d+)$")
public void my_account_has_a_new_balance_of(int arg1) throws Throwable {
    // Write code here that turns the phrase above into concrete actions
    throw new PendingException();
}

]]></system-out>
  <system-err><![CDATA[]]></system-err>
</testsuite>
